<?xml version="1.0" encoding="UTF-8"?>
<!-- Generated by org.testng.reporters.JUnitReportReporter -->
<testsuite hostname="LIN-5CG30106KP" failures="0" tests="1" name="Testcases.LoginTestcase" time="13.117" errors="0" timestamp="2024-03-12T11:01:51 IST" skipped="0">
  <testcase classname="Testcases.LoginTestcase" name="Login" time="13.117"/>
  <system-out/>
</testsuite> <!-- Testcases.LoginTestcase -->
