<?xml version="1.0" encoding="UTF-8"?>
<!-- Generated by org.testng.reporters.JUnitReportReporter -->
<testsuite hostname="LIN-5CG30106KP" failures="0" tests="1" name="SeleniumWaits" time="4.270" errors="0" timestamp="2024-02-29T12:50:28 IST" skipped="0">
  <testcase classname="SeleniumWaits" name="m1" time="4.270"/>
  <system-out/>
</testsuite> <!-- SeleniumWaits -->
